<?xml version="1.0" encoding="UTF-8"?>
<!-- Generated by org.testng.reporters.JUnitXMLReporter -->
<testsuite hostname="MDTR11" name="Test 1" tests="2" failures="0" timestamp="2 Jul 2020 09:56:56 GMT" time="0.065" errors="0">
  <testcase name="FloatTestParameter" time="0.0" classname="caloperations.parameters.CalcParameters"/>
  <testcase name="IntTestParameter" time="0.0" classname="caloperations.parameters.CalcParameters">
    <skipped/>
  </testcase> <!-- IntTestParameter -->
</testsuite> <!-- Test 1 -->
